<?xml version="1.0" encoding="UTF-8"?>
<testsuites name="jest tests" tests="49" failures="21" errors="0" time="1.077">
  <testsuite name="Content Masking Tool" errors="0" failures="21" skipped="0" timestamp="2025-09-16T01:55:44" time="0.844" tests="49">
    <testcase classname="Content Masking Tool analyzeContentSecurity function basic functionality analyzes content with default parameters" name="Content Masking Tool analyzeContentSecurity function basic functionality analyzes content with default parameters" time="0.035">
      <failure>McpAdrError: Failed to analyze content security: Failed to initialize memory system: Error: EACCES: permission denied, mkdir &apos;/Users&apos;
    at analyzeContentSecurity (/home/runner/work/mcp-adr-analysis-server/mcp-adr-analysis-server/src/tools/content-masking-tool.ts:618:11)
    at Object.&lt;anonymous&gt; (/home/runner/work/mcp-adr-analysis-server/mcp-adr-analysis-server/tests/tools/content-masking-tool.test.ts:43:24)</failure>
    </testcase>
    <testcase classname="Content Masking Tool analyzeContentSecurity function basic functionality handles different content types" name="Content Masking Tool analyzeContentSecurity function basic functionality handles different content types" time="0.008">
      <failure>McpAdrError: Failed to analyze content security: Failed to initialize memory system: Error: EACCES: permission denied, mkdir &apos;/Users&apos;
    at analyzeContentSecurity (/home/runner/work/mcp-adr-analysis-server/mcp-adr-analysis-server/src/tools/content-masking-tool.ts:618:11)
    at Object.&lt;anonymous&gt; (/home/runner/work/mcp-adr-analysis-server/mcp-adr-analysis-server/tests/tools/content-masking-tool.test.ts:58:26)</failure>
    </testcase>
    <testcase classname="Content Masking Tool analyzeContentSecurity function basic functionality processes user-defined patterns" name="Content Masking Tool analyzeContentSecurity function basic functionality processes user-defined patterns" time="0.001">
      <failure>McpAdrError: Failed to analyze content security: Failed to initialize memory system: Error: EACCES: permission denied, mkdir &apos;/Users&apos;
    at analyzeContentSecurity (/home/runner/work/mcp-adr-analysis-server/mcp-adr-analysis-server/src/tools/content-masking-tool.ts:618:11)
    at Object.&lt;anonymous&gt; (/home/runner/work/mcp-adr-analysis-server/mcp-adr-analysis-server/tests/tools/content-masking-tool.test.ts:69:24)</failure>
    </testcase>
    <testcase classname="Content Masking Tool analyzeContentSecurity function enhancement modes works with knowledge enhancement enabled" name="Content Masking Tool analyzeContentSecurity function enhancement modes works with knowledge enhancement enabled" time="0.001">
      <failure>McpAdrError: Failed to analyze content security: Failed to initialize memory system: Error: EACCES: permission denied, mkdir &apos;/Users&apos;
    at analyzeContentSecurity (/home/runner/work/mcp-adr-analysis-server/mcp-adr-analysis-server/src/tools/content-masking-tool.ts:618:11)
    at Object.&lt;anonymous&gt; (/home/runner/work/mcp-adr-analysis-server/mcp-adr-analysis-server/tests/tools/content-masking-tool.test.ts:81:24)</failure>
    </testcase>
    <testcase classname="Content Masking Tool analyzeContentSecurity function enhancement modes works with enhancements disabled" name="Content Masking Tool analyzeContentSecurity function enhancement modes works with enhancements disabled" time="0.001">
      <failure>McpAdrError: Failed to analyze content security: Failed to initialize memory system: Error: EACCES: permission denied, mkdir &apos;/Users&apos;
    at analyzeContentSecurity (/home/runner/work/mcp-adr-analysis-server/mcp-adr-analysis-server/src/tools/content-masking-tool.ts:618:11)
    at Object.&lt;anonymous&gt; (/home/runner/work/mcp-adr-analysis-server/mcp-adr-analysis-server/tests/tools/content-masking-tool.test.ts:93:24)</failure>
    </testcase>
    <testcase classname="Content Masking Tool analyzeContentSecurity function memory integration (prompt-only mode) provides comprehensive analysis prompts when memory integration is enabled" name="Content Masking Tool analyzeContentSecurity function memory integration (prompt-only mode) provides comprehensive analysis prompts when memory integration is enabled" time="0.001">
      <failure>McpAdrError: Failed to analyze content security: Failed to initialize memory system: Error: EACCES: permission denied, mkdir &apos;/Users&apos;
    at analyzeContentSecurity (/home/runner/work/mcp-adr-analysis-server/mcp-adr-analysis-server/src/tools/content-masking-tool.ts:618:11)
    at Object.&lt;anonymous&gt; (/home/runner/work/mcp-adr-analysis-server/mcp-adr-analysis-server/tests/tools/content-masking-tool.test.ts:106:24)</failure>
    </testcase>
    <testcase classname="Content Masking Tool analyzeContentSecurity function memory integration (prompt-only mode) includes proper analysis instructions" name="Content Masking Tool analyzeContentSecurity function memory integration (prompt-only mode) includes proper analysis instructions" time="0.001">
      <failure>McpAdrError: Failed to analyze content security: Failed to initialize memory system: Error: EACCES: permission denied, mkdir &apos;/Users&apos;
    at analyzeContentSecurity (/home/runner/work/mcp-adr-analysis-server/mcp-adr-analysis-server/src/tools/content-masking-tool.ts:618:11)
    at Object.&lt;anonymous&gt; (/home/runner/work/mcp-adr-analysis-server/mcp-adr-analysis-server/tests/tools/content-masking-tool.test.ts:119:24)</failure>
    </testcase>
    <testcase classname="Content Masking Tool analyzeContentSecurity function memory integration (prompt-only mode) handles different content types correctly" name="Content Masking Tool analyzeContentSecurity function memory integration (prompt-only mode) handles different content types correctly" time="0.001">
      <failure>McpAdrError: Failed to analyze content security: Failed to initialize memory system: Error: EACCES: permission denied, mkdir &apos;/Users&apos;
    at analyzeContentSecurity (/home/runner/work/mcp-adr-analysis-server/mcp-adr-analysis-server/src/tools/content-masking-tool.ts:618:11)
    at Object.&lt;anonymous&gt; (/home/runner/work/mcp-adr-analysis-server/mcp-adr-analysis-server/tests/tools/content-masking-tool.test.ts:136:26)</failure>
    </testcase>
    <testcase classname="Content Masking Tool analyzeContentSecurity function memory integration (prompt-only mode) includes user-defined patterns in analysis prompt" name="Content Masking Tool analyzeContentSecurity function memory integration (prompt-only mode) includes user-defined patterns in analysis prompt" time="0.002">
      <failure>McpAdrError: Failed to analyze content security: Failed to initialize memory system: Error: EACCES: permission denied, mkdir &apos;/Users&apos;
    at analyzeContentSecurity (/home/runner/work/mcp-adr-analysis-server/mcp-adr-analysis-server/src/tools/content-masking-tool.ts:618:11)
    at Object.&lt;anonymous&gt; (/home/runner/work/mcp-adr-analysis-server/mcp-adr-analysis-server/tests/tools/content-masking-tool.test.ts:149:24)</failure>
    </testcase>
    <testcase classname="Content Masking Tool analyzeContentSecurity function parameter validation throws error for empty content" name="Content Masking Tool analyzeContentSecurity function parameter validation throws error for empty content" time="0.002">
    </testcase>
    <testcase classname="Content Masking Tool analyzeContentSecurity function parameter validation throws error for missing content" name="Content Masking Tool analyzeContentSecurity function parameter validation throws error for missing content" time="0.001">
    </testcase>
    <testcase classname="Content Masking Tool analyzeContentSecurity function error handling handles analysis errors gracefully" name="Content Masking Tool analyzeContentSecurity function error handling handles analysis errors gracefully" time="0.001">
      <failure>McpAdrError: Failed to analyze content security: Failed to initialize memory system: Error: EACCES: permission denied, mkdir &apos;/Users&apos;
    at analyzeContentSecurity (/home/runner/work/mcp-adr-analysis-server/mcp-adr-analysis-server/src/tools/content-masking-tool.ts:618:11)
    at Object.&lt;anonymous&gt; (/home/runner/work/mcp-adr-analysis-server/mcp-adr-analysis-server/tests/tools/content-masking-tool.test.ts:189:24)</failure>
    </testcase>
    <testcase classname="Content Masking Tool generateContentMasking function basic functionality generates masking for detected items" name="Content Masking Tool generateContentMasking function basic functionality generates masking for detected items" time="0.129">
    </testcase>
    <testcase classname="Content Masking Tool generateContentMasking function basic functionality handles different masking strategies" name="Content Masking Tool generateContentMasking function basic functionality handles different masking strategies" time="0.003">
    </testcase>
    <testcase classname="Content Masking Tool generateContentMasking function basic functionality handles no detected items" name="Content Masking Tool generateContentMasking function basic functionality handles no detected items" time="0.001">
    </testcase>
    <testcase classname="Content Masking Tool generateContentMasking function parameter validation throws error for empty content" name="Content Masking Tool generateContentMasking function parameter validation throws error for empty content" time="0.001">
    </testcase>
    <testcase classname="Content Masking Tool generateContentMasking function parameter validation throws error for missing content" name="Content Masking Tool generateContentMasking function parameter validation throws error for missing content" time="0.001">
    </testcase>
    <testcase classname="Content Masking Tool generateContentMasking function detected items processing handles items with missing optional fields" name="Content Masking Tool generateContentMasking function detected items processing handles items with missing optional fields" time="0.001">
    </testcase>
    <testcase classname="Content Masking Tool generateContentMasking function detected items processing processes items with all fields" name="Content Masking Tool generateContentMasking function detected items processing processes items with all fields" time="0.001">
    </testcase>
    <testcase classname="Content Masking Tool generateContentMasking function memory integration features works with memory integration enabled" name="Content Masking Tool generateContentMasking function memory integration features works with memory integration enabled" time="0.001">
    </testcase>
    <testcase classname="Content Masking Tool generateContentMasking function memory integration features works with memory integration disabled" name="Content Masking Tool generateContentMasking function memory integration features works with memory integration disabled" time="0.001">
    </testcase>
    <testcase classname="Content Masking Tool generateContentMasking function memory integration features handles memory integration with various content types" name="Content Masking Tool generateContentMasking function memory integration features handles memory integration with various content types" time="0.003">
    </testcase>
    <testcase classname="Content Masking Tool configureCustomPatterns function basic functionality configures patterns for project path" name="Content Masking Tool configureCustomPatterns function basic functionality configures patterns for project path" time="0.038">
    </testcase>
    <testcase classname="Content Masking Tool configureCustomPatterns function basic functionality includes existing patterns in analysis" name="Content Masking Tool configureCustomPatterns function basic functionality includes existing patterns in analysis" time="0.006">
    </testcase>
    <testcase classname="Content Masking Tool configureCustomPatterns function project structure analysis analyzes project structure correctly" name="Content Masking Tool configureCustomPatterns function project structure analysis analyzes project structure correctly" time="0.008">
    </testcase>
    <testcase classname="Content Masking Tool configureCustomPatterns function error handling handles invalid project paths gracefully" name="Content Masking Tool configureCustomPatterns function error handling handles invalid project paths gracefully" time="0.004">
    </testcase>
    <testcase classname="Content Masking Tool applyBasicContentMasking function basic functionality applies basic masking with default strategy" name="Content Masking Tool applyBasicContentMasking function basic functionality applies basic masking with default strategy" time="0.002">
    </testcase>
    <testcase classname="Content Masking Tool applyBasicContentMasking function basic functionality handles different masking strategies" name="Content Masking Tool applyBasicContentMasking function basic functionality handles different masking strategies" time="0.001">
    </testcase>
    <testcase classname="Content Masking Tool applyBasicContentMasking function validation integration includes validation results" name="Content Masking Tool applyBasicContentMasking function validation integration includes validation results" time="0.001">
    </testcase>
    <testcase classname="Content Masking Tool applyBasicContentMasking function parameter validation throws error for empty content" name="Content Masking Tool applyBasicContentMasking function parameter validation throws error for empty content" time="0">
    </testcase>
    <testcase classname="Content Masking Tool applyBasicContentMasking function parameter validation throws error for missing content" name="Content Masking Tool applyBasicContentMasking function parameter validation throws error for missing content" time="0">
    </testcase>
    <testcase classname="Content Masking Tool validateContentMasking function basic functionality validates masking correctly" name="Content Masking Tool validateContentMasking function basic functionality validates masking correctly" time="0.001">
    </testcase>
    <testcase classname="Content Masking Tool validateContentMasking function basic functionality calculates size changes correctly" name="Content Masking Tool validateContentMasking function basic functionality calculates size changes correctly" time="0.001">
    </testcase>
    <testcase classname="Content Masking Tool validateContentMasking function security assessment provides security assessment based on score" name="Content Masking Tool validateContentMasking function security assessment provides security assessment based on score" time="0">
    </testcase>
    <testcase classname="Content Masking Tool validateContentMasking function parameter validation throws error for missing original content" name="Content Masking Tool validateContentMasking function parameter validation throws error for missing original content" time="0.001">
    </testcase>
    <testcase classname="Content Masking Tool validateContentMasking function parameter validation throws error for missing masked content" name="Content Masking Tool validateContentMasking function parameter validation throws error for missing masked content" time="0.001">
    </testcase>
    <testcase classname="Content Masking Tool validateContentMasking function parameter validation throws error for missing parameters" name="Content Masking Tool validateContentMasking function parameter validation throws error for missing parameters" time="0">
    </testcase>
    <testcase classname="Content Masking Tool Integration and Edge Cases full workflow integration handles complete security analysis to masking workflow" name="Content Masking Tool Integration and Edge Cases full workflow integration handles complete security analysis to masking workflow" time="0">
      <failure>McpAdrError: Failed to analyze content security: Failed to initialize memory system: Error: EACCES: permission denied, mkdir &apos;/Users&apos;
    at analyzeContentSecurity (/home/runner/work/mcp-adr-analysis-server/mcp-adr-analysis-server/src/tools/content-masking-tool.ts:618:11)
    at Object.&lt;anonymous&gt; (/home/runner/work/mcp-adr-analysis-server/mcp-adr-analysis-server/tests/tools/content-masking-tool.test.ts:556:32)</failure>
    </testcase>
    <testcase classname="Content Masking Tool Integration and Edge Cases performance and edge cases handles large content efficiently" name="Content Masking Tool Integration and Edge Cases performance and edge cases handles large content efficiently" time="0">
      <failure>McpAdrError: Failed to analyze content security: Failed to initialize memory system: Error: EACCES: permission denied, mkdir &apos;/Users&apos;
    at analyzeContentSecurity (/home/runner/work/mcp-adr-analysis-server/mcp-adr-analysis-server/src/tools/content-masking-tool.ts:618:11)
    at Object.&lt;anonymous&gt; (/home/runner/work/mcp-adr-analysis-server/mcp-adr-analysis-server/tests/tools/content-masking-tool.test.ts:585:24)</failure>
    </testcase>
    <testcase classname="Content Masking Tool Integration and Edge Cases performance and edge cases handles special characters and encoding" name="Content Masking Tool Integration and Edge Cases performance and edge cases handles special characters and encoding" time="0">
      <failure>McpAdrError: Failed to analyze content security: Failed to initialize memory system: Error: EACCES: permission denied, mkdir &apos;/Users&apos;
    at analyzeContentSecurity (/home/runner/work/mcp-adr-analysis-server/mcp-adr-analysis-server/src/tools/content-masking-tool.ts:618:11)
    at Object.&lt;anonymous&gt; (/home/runner/work/mcp-adr-analysis-server/mcp-adr-analysis-server/tests/tools/content-masking-tool.test.ts:596:24)</failure>
    </testcase>
    <testcase classname="Content Masking Tool Integration and Edge Cases performance and edge cases handles empty detected items gracefully" name="Content Masking Tool Integration and Edge Cases performance and edge cases handles empty detected items gracefully" time="0">
    </testcase>
    <testcase classname="Content Masking Tool Integration and Edge Cases error recovery and resilience recovers from knowledge generation failures" name="Content Masking Tool Integration and Edge Cases error recovery and resilience recovers from knowledge generation failures" time="0.001">
      <failure>McpAdrError: Failed to analyze content security: Failed to initialize memory system: Error: EACCES: permission denied, mkdir &apos;/Users&apos;
    at analyzeContentSecurity (/home/runner/work/mcp-adr-analysis-server/mcp-adr-analysis-server/src/tools/content-masking-tool.ts:618:11)
    at Object.&lt;anonymous&gt; (/home/runner/work/mcp-adr-analysis-server/mcp-adr-analysis-server/tests/tools/content-masking-tool.test.ts:617:24)</failure>
    </testcase>
    <testcase classname="Content Masking Tool Advanced functionality and analysis patterns comprehensive security pattern detection provides detailed analysis prompts for complex patterns" name="Content Masking Tool Advanced functionality and analysis patterns comprehensive security pattern detection provides detailed analysis prompts for complex patterns" time="0.001">
      <failure>McpAdrError: Failed to analyze content security: Failed to initialize memory system: Error: EACCES: permission denied, mkdir &apos;/Users&apos;
    at analyzeContentSecurity (/home/runner/work/mcp-adr-analysis-server/mcp-adr-analysis-server/src/tools/content-masking-tool.ts:618:11)
    at Object.&lt;anonymous&gt; (/home/runner/work/mcp-adr-analysis-server/mcp-adr-analysis-server/tests/tools/content-masking-tool.test.ts:636:24)</failure>
    </testcase>
    <testcase classname="Content Masking Tool Advanced functionality and analysis patterns comprehensive security pattern detection handles complex configuration files with sensitive data" name="Content Masking Tool Advanced functionality and analysis patterns comprehensive security pattern detection handles complex configuration files with sensitive data" time="0.001">
      <failure>McpAdrError: Failed to analyze content security: Failed to initialize memory system: Error: EACCES: permission denied, mkdir &apos;/Users&apos;
    at analyzeContentSecurity (/home/runner/work/mcp-adr-analysis-server/mcp-adr-analysis-server/src/tools/content-masking-tool.ts:618:11)
    at Object.&lt;anonymous&gt; (/home/runner/work/mcp-adr-analysis-server/mcp-adr-analysis-server/tests/tools/content-masking-tool.test.ts:666:24)</failure>
    </testcase>
    <testcase classname="Content Masking Tool Advanced functionality and analysis patterns comprehensive security pattern detection integrates knowledge enhancement with security analysis" name="Content Masking Tool Advanced functionality and analysis patterns comprehensive security pattern detection integrates knowledge enhancement with security analysis" time="0.001">
      <failure>McpAdrError: Failed to analyze content security: Failed to initialize memory system: Error: EACCES: permission denied, mkdir &apos;/Users&apos;
    at analyzeContentSecurity (/home/runner/work/mcp-adr-analysis-server/mcp-adr-analysis-server/src/tools/content-masking-tool.ts:618:11)
    at Object.&lt;anonymous&gt; (/home/runner/work/mcp-adr-analysis-server/mcp-adr-analysis-server/tests/tools/content-masking-tool.test.ts:684:24)</failure>
    </testcase>
    <testcase classname="Content Masking Tool Advanced functionality and analysis patterns comprehensive workflow testing supports full security analysis workflow" name="Content Masking Tool Advanced functionality and analysis patterns comprehensive workflow testing supports full security analysis workflow" time="0.001">
      <failure>McpAdrError: Failed to analyze content security: Failed to initialize memory system: Error: EACCES: permission denied, mkdir &apos;/Users&apos;
    at analyzeContentSecurity (/home/runner/work/mcp-adr-analysis-server/mcp-adr-analysis-server/src/tools/content-masking-tool.ts:618:11)
    at Object.&lt;anonymous&gt; (/home/runner/work/mcp-adr-analysis-server/mcp-adr-analysis-server/tests/tools/content-masking-tool.test.ts:709:26)</failure>
    </testcase>
    <testcase classname="Content Masking Tool Advanced functionality and analysis patterns comprehensive workflow testing handles complete masking workflow integration" name="Content Masking Tool Advanced functionality and analysis patterns comprehensive workflow testing handles complete masking workflow integration" time="0.001">
      <failure>McpAdrError: Failed to analyze content security: Failed to initialize memory system: Error: EACCES: permission denied, mkdir &apos;/Users&apos;
    at analyzeContentSecurity (/home/runner/work/mcp-adr-analysis-server/mcp-adr-analysis-server/src/tools/content-masking-tool.ts:618:11)
    at Object.&lt;anonymous&gt; (/home/runner/work/mcp-adr-analysis-server/mcp-adr-analysis-server/tests/tools/content-masking-tool.test.ts:724:32)</failure>
    </testcase>
    <testcase classname="Content Masking Tool Advanced functionality and analysis patterns performance and resilience testing handles large content volumes efficiently" name="Content Masking Tool Advanced functionality and analysis patterns performance and resilience testing handles large content volumes efficiently" time="0.001">
      <failure>McpAdrError: Failed to analyze content security: Failed to initialize memory system: Error: EACCES: permission denied, mkdir &apos;/Users&apos;
    at analyzeContentSecurity (/home/runner/work/mcp-adr-analysis-server/mcp-adr-analysis-server/src/tools/content-masking-tool.ts:618:11)
    at Object.&lt;anonymous&gt; (/home/runner/work/mcp-adr-analysis-server/mcp-adr-analysis-server/tests/tools/content-masking-tool.test.ts:759:24)</failure>
    </testcase>
    <testcase classname="Content Masking Tool Advanced functionality and analysis patterns performance and resilience testing supports concurrent analysis operations" name="Content Masking Tool Advanced functionality and analysis patterns performance and resilience testing supports concurrent analysis operations" time="0.002">
      <failure>McpAdrError: Failed to analyze content security: Failed to initialize memory system: Error: EACCES: permission denied, mkdir &apos;/Users&apos;
    at analyzeContentSecurity (/home/runner/work/mcp-adr-analysis-server/mcp-adr-analysis-server/src/tools/content-masking-tool.ts:618:11)
    at async Promise.all (index 1)
    at Object.&lt;anonymous&gt; (/home/runner/work/mcp-adr-analysis-server/mcp-adr-analysis-server/tests/tools/content-masking-tool.test.ts:783:25)</failure>
    </testcase>
  </testsuite>
</testsuites>